<?xml version="1.0" encoding="UTF-8"?>
<!-- Generated by org.testng.reporters.JUnitReportReporter -->
<testsuite skipped="0" hostname="bagal" name="com.framework.paratus.avactis.testScript.Test2" tests="4" failures="0" timestamp="30 Aug 2019 05:44:18 GMT" time="0.151" errors="0">
  <testcase name="test3" time="0.035" classname="com.framework.paratus.avactis.testScript.Test2"/>
  <testcase name="test2" time="0.041" classname="com.framework.paratus.avactis.testScript.Test2"/>
  <testcase name="test4" time="0.036" classname="com.framework.paratus.avactis.testScript.Test2"/>
  <testcase name="test1" time="0.039" classname="com.framework.paratus.avactis.testScript.Test2"/>
</testsuite> <!-- com.framework.paratus.avactis.testScript.Test2 -->
