<?xml version="1.0" encoding="UTF-8"?>
<!-- Generated by org.testng.reporters.JUnitReportReporter -->
<testsuite skipped="0" hostname="bagal" name="A" tests="1" failures="0" timestamp="28 Aug 2019 16:49:25 GMT" time="0.014" errors="0">
  <testcase name="demoTest" time="0.014" classname="A"/>
</testsuite> <!-- A -->
