<?xml version="1.0" encoding="UTF-8"?>
<!-- Generated by org.testng.reporters.JUnitReportReporter -->
<testsuite skipped="0" hostname="bagal" name="com.framework.paratus.avactis.testScript.Test1" tests="4" failures="0" timestamp="30 Aug 2019 05:44:18 GMT" time="0.412" errors="0">
  <testcase name="test2" time="0.216" classname="com.framework.paratus.avactis.testScript.Test1"/>
  <testcase name="test3" time="0.058" classname="com.framework.paratus.avactis.testScript.Test1"/>
  <testcase name="test1" time="0.088" classname="com.framework.paratus.avactis.testScript.Test1"/>
  <testcase name="test4" time="0.050" classname="com.framework.paratus.avactis.testScript.Test1"/>
</testsuite> <!-- com.framework.paratus.avactis.testScript.Test1 -->
