<?xml version="1.0" encoding="UTF-8"?>
<!-- Generated by org.testng.reporters.JUnitReportReporter -->
<testsuite skipped="0" hostname="bagal" name="A" tests="1" failures="0" timestamp="03 Sep 2019 05:59:45 GMT" time="0.466" errors="0">
  <testcase name="demoTest" time="0.466" classname="A"/>
</testsuite> <!-- A -->
