<?xml version="1.0" encoding="UTF-8"?>
<!-- Generated by org.testng.reporters.JUnitReportReporter -->
<testsuite skipped="0" hostname="bagal" name="com.framework.paratus.avactis.testScript.TakeScrenshot" tests="1" failures="0" timestamp="03 Sep 2019 05:59:45 GMT" time="13.594" errors="0">
  <testcase name="testScreen" time="13.594" classname="com.framework.paratus.avactis.testScript.TakeScrenshot"/>
</testsuite> <!-- com.framework.paratus.avactis.testScript.TakeScrenshot -->
